-- Install configuration: ""
-- Execute custom install script
-- Up-to-date symlink: /home/samarth/SOAP/install/soap_package/share/soap_package/config/empty.yaml
-- Symlinking: /home/samarth/SOAP/install/soap_package/share/soap_package/description/inertial_macros.xacro
-- Up-to-date symlink: /home/samarth/SOAP/install/soap_package/share/soap_package/description/robot.urdf.xacro
-- Up-to-date symlink: /home/samarth/SOAP/install/soap_package/share/soap_package/description/robot_core.xacro
-- Up-to-date symlink: /home/samarth/SOAP/install/soap_package/share/soap_package/launch/rsp.launch.py
-- Up-to-date symlink: /home/samarth/SOAP/install/soap_package/share/soap_package/worlds/empty.world
-- Up-to-date symlink: /home/samarth/SOAP/install/soap_package/share/ament_index/resource_index/package_run_dependencies/soap_package
-- Up-to-date symlink: /home/samarth/SOAP/install/soap_package/share/ament_index/resource_index/parent_prefix_path/soap_package
-- Up-to-date symlink: /home/samarth/SOAP/install/soap_package/share/soap_package/environment/ament_prefix_path.sh
-- Up-to-date symlink: /home/samarth/SOAP/install/soap_package/share/soap_package/environment/ament_prefix_path.dsv
-- Up-to-date symlink: /home/samarth/SOAP/install/soap_package/share/soap_package/environment/path.sh
-- Up-to-date symlink: /home/samarth/SOAP/install/soap_package/share/soap_package/environment/path.dsv
-- Up-to-date symlink: /home/samarth/SOAP/install/soap_package/share/soap_package/local_setup.bash
-- Up-to-date symlink: /home/samarth/SOAP/install/soap_package/share/soap_package/local_setup.sh
-- Up-to-date symlink: /home/samarth/SOAP/install/soap_package/share/soap_package/local_setup.zsh
-- Up-to-date symlink: /home/samarth/SOAP/install/soap_package/share/soap_package/local_setup.dsv
-- Symlinking: /home/samarth/SOAP/install/soap_package/share/soap_package/package.dsv
-- Up-to-date symlink: /home/samarth/SOAP/install/soap_package/share/ament_index/resource_index/packages/soap_package
-- Up-to-date symlink: /home/samarth/SOAP/install/soap_package/share/soap_package/cmake/soap_packageConfig.cmake
-- Up-to-date symlink: /home/samarth/SOAP/install/soap_package/share/soap_package/cmake/soap_packageConfig-version.cmake
-- Up-to-date symlink: /home/samarth/SOAP/install/soap_package/share/soap_package/package.xml
