[0.037s] Invoking command in '/home/samarth/SOAP/build/soap_package': CMAKE_PREFIX_PATH=${CMAKE_PREFIX_PATH}:/opt/ros/humble /home/samarth/.local/bin/cmake --build /home/samarth/SOAP/build/soap_package -- -j20 -l20
[0.061s] Invoked command in '/home/samarth/SOAP/build/soap_package' returned '0': CMAKE_PREFIX_PATH=${CMAKE_PREFIX_PATH}:/opt/ros/humble /home/samarth/.local/bin/cmake --build /home/samarth/SOAP/build/soap_package -- -j20 -l20
[0.103s] Invoking command in '/home/samarth/SOAP/build/soap_package': CMAKE_PREFIX_PATH=${CMAKE_PREFIX_PATH}:/opt/ros/humble /home/samarth/.local/bin/cmake --install /home/samarth/SOAP/build/soap_package
[0.116s] -- Install configuration: ""
[0.117s] -- Execute custom install script
[0.117s] -- Up-to-date symlink: /home/samarth/SOAP/install/soap_package/share/soap_package/config/empty.yaml
[0.117s] -- Up-to-date symlink: /home/samarth/SOAP/install/soap_package/share/soap_package/description/robot.urdf.xacro
[0.117s] -- Up-to-date symlink: /home/samarth/SOAP/install/soap_package/share/soap_package/description/robot_core.xacro
[0.117s] -- Up-to-date symlink: /home/samarth/SOAP/install/soap_package/share/soap_package/launch/rsp.launch.py
[0.117s] -- Up-to-date symlink: /home/samarth/SOAP/install/soap_package/share/soap_package/worlds/empty.world
[0.117s] -- Up-to-date symlink: /home/samarth/SOAP/install/soap_package/share/ament_index/resource_index/package_run_dependencies/soap_package
[0.117s] -- Up-to-date symlink: /home/samarth/SOAP/install/soap_package/share/ament_index/resource_index/parent_prefix_path/soap_package
[0.117s] -- Up-to-date symlink: /home/samarth/SOAP/install/soap_package/share/soap_package/environment/ament_prefix_path.sh
[0.117s] -- Up-to-date symlink: /home/samarth/SOAP/install/soap_package/share/soap_package/environment/ament_prefix_path.dsv
[0.117s] -- Up-to-date symlink: /home/samarth/SOAP/install/soap_package/share/soap_package/environment/path.sh
[0.118s] -- Up-to-date symlink: /home/samarth/SOAP/install/soap_package/share/soap_package/environment/path.dsv
[0.118s] -- Up-to-date symlink: /home/samarth/SOAP/install/soap_package/share/soap_package/local_setup.bash
[0.118s] -- Up-to-date symlink: /home/samarth/SOAP/install/soap_package/share/soap_package/local_setup.sh
[0.118s] -- Up-to-date symlink: /home/samarth/SOAP/install/soap_package/share/soap_package/local_setup.zsh
[0.118s] -- Up-to-date symlink: /home/samarth/SOAP/install/soap_package/share/soap_package/local_setup.dsv
[0.118s] -- Symlinking: /home/samarth/SOAP/install/soap_package/share/soap_package/package.dsv
[0.120s] -- Up-to-date symlink: /home/samarth/SOAP/install/soap_package/share/ament_index/resource_index/packages/soap_package
[0.120s] -- Up-to-date symlink: /home/samarth/SOAP/install/soap_package/share/soap_package/cmake/soap_packageConfig.cmake
[0.120s] -- Up-to-date symlink: /home/samarth/SOAP/install/soap_package/share/soap_package/cmake/soap_packageConfig-version.cmake
[0.120s] -- Up-to-date symlink: /home/samarth/SOAP/install/soap_package/share/soap_package/package.xml
[0.123s] Invoked command in '/home/samarth/SOAP/build/soap_package' returned '0': CMAKE_PREFIX_PATH=${CMAKE_PREFIX_PATH}:/opt/ros/humble /home/samarth/.local/bin/cmake --install /home/samarth/SOAP/build/soap_package
