-- The C compiler identification is GNU 11.4.0
-- The CXX compiler identification is GNU 11.4.0
-- Detecting C compiler ABI info
-- Detecting C compiler ABI info - done
-- Check for working C compiler: /usr/bin/cc - skipped
-- Detecting C compile features
-- Detecting C compile features - done
-- Detecting CXX compiler ABI info
-- Detecting CXX compiler ABI info - done
-- Check for working CXX compiler: /usr/bin/c++ - skipped
-- Detecting CXX compile features
-- Detecting CXX compile features - done
-- Found ament_cmake: 1.3.5 (/opt/ros/humble/share/ament_cmake/cmake)
-- Found Python3: /usr/bin/python3.10 (found version "3.10.12") found components: Interpreter 
-- Override CMake install command with custom implementation using symlinks instead of copying resources
-- Found ament_lint_auto: 0.12.8 (/opt/ros/humble/share/ament_lint_auto/cmake)
-- Added test 'copyright' to check source files copyright and LICENSE
-- Added test 'flake8' to check Python code syntax and style conventions
-- Added test 'lint_cmake' to check CMake code style
-- Added test 'pep257' to check Python code against some of the docstring style conventions in PEP 257
-- Added test 'xmllint' to check XML markup files
-- Configuring done (0.5s)
-- Generating done (0.0s)
-- Build files have been written to: /home/samarth/SOAP/build/soap_package
-- Install configuration: ""
-- Execute custom install script
-- Symlinking: /home/samarth/SOAP/install/soap_package/share/soap_package/config/empty.yaml
-- Symlinking: /home/samarth/SOAP/install/soap_package/share/soap_package/description/robot.urdf.xacro
-- Symlinking: /home/samarth/SOAP/install/soap_package/share/soap_package/launch/rsp.launch.py
-- Symlinking: /home/samarth/SOAP/install/soap_package/share/soap_package/worlds/empty.world
-- Symlinking: /home/samarth/SOAP/install/soap_package/share/ament_index/resource_index/package_run_dependencies/soap_package
-- Symlinking: /home/samarth/SOAP/install/soap_package/share/ament_index/resource_index/parent_prefix_path/soap_package
-- Symlinking: /home/samarth/SOAP/install/soap_package/share/soap_package/environment/ament_prefix_path.sh
-- Symlinking: /home/samarth/SOAP/install/soap_package/share/soap_package/environment/ament_prefix_path.dsv
-- Symlinking: /home/samarth/SOAP/install/soap_package/share/soap_package/environment/path.sh
-- Symlinking: /home/samarth/SOAP/install/soap_package/share/soap_package/environment/path.dsv
-- Symlinking: /home/samarth/SOAP/install/soap_package/share/soap_package/local_setup.bash
-- Symlinking: /home/samarth/SOAP/install/soap_package/share/soap_package/local_setup.sh
-- Symlinking: /home/samarth/SOAP/install/soap_package/share/soap_package/local_setup.zsh
-- Symlinking: /home/samarth/SOAP/install/soap_package/share/soap_package/local_setup.dsv
-- Symlinking: /home/samarth/SOAP/install/soap_package/share/soap_package/package.dsv
-- Symlinking: /home/samarth/SOAP/install/soap_package/share/ament_index/resource_index/packages/soap_package
-- Symlinking: /home/samarth/SOAP/install/soap_package/share/soap_package/cmake/soap_packageConfig.cmake
-- Symlinking: /home/samarth/SOAP/install/soap_package/share/soap_package/cmake/soap_packageConfig-version.cmake
-- Symlinking: /home/samarth/SOAP/install/soap_package/share/soap_package/package.xml
