[0.028s] Invoking command in '/home/samarth/SOAP/build/soap_package': CMAKE_PREFIX_PATH=/opt/ros/humble /home/samarth/.local/bin/cmake /home/samarth/SOAP/src/soapPackage -DAMENT_CMAKE_SYMLINK_INSTALL=1 -DCMAKE_INSTALL_PREFIX=/home/samarth/SOAP/install/soap_package
[0.094s] -- The C compiler identification is GNU 11.4.0
[0.131s] -- The CXX compiler identification is GNU 11.4.0
[0.142s] -- Detecting C compiler ABI info
[0.175s] -- Detecting C compiler ABI info - done
[0.181s] -- Check for working C compiler: /usr/bin/cc - skipped
[0.181s] -- Detecting C compile features
[0.181s] -- Detecting C compile features - done
[0.186s] -- Detecting CXX compiler ABI info
[0.228s] -- Detecting CXX compiler ABI info - done
[0.235s] -- Check for working CXX compiler: /usr/bin/c++ - skipped
[0.235s] -- Detecting CXX compile features
[0.235s] -- Detecting CXX compile features - done
[0.236s] -- Found ament_cmake: 1.3.5 (/opt/ros/humble/share/ament_cmake/cmake)
[0.422s] -- Found Python3: /usr/bin/python3.10 (found version "3.10.12") found components: Interpreter 
[0.456s] -- Override CMake install command with custom implementation using symlinks instead of copying resources
[0.467s] -- Found ament_lint_auto: 0.12.8 (/opt/ros/humble/share/ament_lint_auto/cmake)
[0.508s] -- Added test 'copyright' to check source files copyright and LICENSE
[0.509s] -- Added test 'flake8' to check Python code syntax and style conventions
[0.509s] -- Added test 'lint_cmake' to check CMake code style
[0.510s] -- Added test 'pep257' to check Python code against some of the docstring style conventions in PEP 257
[0.510s] -- Added test 'xmllint' to check XML markup files
[0.511s] -- Configuring done (0.5s)
[0.512s] -- Generating done (0.0s)
[0.513s] -- Build files have been written to: /home/samarth/SOAP/build/soap_package
[0.519s] Invoked command in '/home/samarth/SOAP/build/soap_package' returned '0': CMAKE_PREFIX_PATH=/opt/ros/humble /home/samarth/.local/bin/cmake /home/samarth/SOAP/src/soapPackage -DAMENT_CMAKE_SYMLINK_INSTALL=1 -DCMAKE_INSTALL_PREFIX=/home/samarth/SOAP/install/soap_package
[0.519s] Invoking command in '/home/samarth/SOAP/build/soap_package': CMAKE_PREFIX_PATH=/opt/ros/humble /home/samarth/.local/bin/cmake --build /home/samarth/SOAP/build/soap_package -- -j20 -l20
[0.543s] Invoked command in '/home/samarth/SOAP/build/soap_package' returned '0': CMAKE_PREFIX_PATH=/opt/ros/humble /home/samarth/.local/bin/cmake --build /home/samarth/SOAP/build/soap_package -- -j20 -l20
[0.581s] Invoking command in '/home/samarth/SOAP/build/soap_package': CMAKE_PREFIX_PATH=/opt/ros/humble /home/samarth/.local/bin/cmake --install /home/samarth/SOAP/build/soap_package
[0.594s] -- Install configuration: ""
[0.594s] -- Execute custom install script
[0.595s] -- Symlinking: /home/samarth/SOAP/install/soap_package/share/soap_package/config/empty.yaml
[0.596s] -- Symlinking: /home/samarth/SOAP/install/soap_package/share/soap_package/description/robot.urdf.xacro
[0.598s] -- Symlinking: /home/samarth/SOAP/install/soap_package/share/soap_package/launch/rsp.launch.py
[0.599s] -- Symlinking: /home/samarth/SOAP/install/soap_package/share/soap_package/worlds/empty.world
[0.601s] -- Symlinking: /home/samarth/SOAP/install/soap_package/share/ament_index/resource_index/package_run_dependencies/soap_package
[0.602s] -- Symlinking: /home/samarth/SOAP/install/soap_package/share/ament_index/resource_index/parent_prefix_path/soap_package
[0.604s] -- Symlinking: /home/samarth/SOAP/install/soap_package/share/soap_package/environment/ament_prefix_path.sh
[0.605s] -- Symlinking: /home/samarth/SOAP/install/soap_package/share/soap_package/environment/ament_prefix_path.dsv
[0.607s] -- Symlinking: /home/samarth/SOAP/install/soap_package/share/soap_package/environment/path.sh
[0.608s] -- Symlinking: /home/samarth/SOAP/install/soap_package/share/soap_package/environment/path.dsv
[0.610s] -- Symlinking: /home/samarth/SOAP/install/soap_package/share/soap_package/local_setup.bash
[0.611s] -- Symlinking: /home/samarth/SOAP/install/soap_package/share/soap_package/local_setup.sh
[0.613s] -- Symlinking: /home/samarth/SOAP/install/soap_package/share/soap_package/local_setup.zsh
[0.614s] -- Symlinking: /home/samarth/SOAP/install/soap_package/share/soap_package/local_setup.dsv
[0.615s] -- Symlinking: /home/samarth/SOAP/install/soap_package/share/soap_package/package.dsv
[0.617s] -- Symlinking: /home/samarth/SOAP/install/soap_package/share/ament_index/resource_index/packages/soap_package
[0.618s] -- Symlinking: /home/samarth/SOAP/install/soap_package/share/soap_package/cmake/soap_packageConfig.cmake
[0.620s] -- Symlinking: /home/samarth/SOAP/install/soap_package/share/soap_package/cmake/soap_packageConfig-version.cmake
[0.622s] -- Symlinking: /home/samarth/SOAP/install/soap_package/share/soap_package/package.xml
[0.626s] Invoked command in '/home/samarth/SOAP/build/soap_package' returned '0': CMAKE_PREFIX_PATH=/opt/ros/humble /home/samarth/.local/bin/cmake --install /home/samarth/SOAP/build/soap_package
